[debug] [2025-01-07T20:57:00.047Z] ----------------------------------------------------------------------
[debug] [2025-01-07T20:57:00.048Z] Command:       /Users/rodrigobrezolin/.nvm/versions/node/v18.19.0/bin/node /Users/rodrigobrezolin/.nvm/versions/node/v18.19.0/bin/firebase init
[debug] [2025-01-07T20:57:00.048Z] CLI Version:   13.27.0
[debug] [2025-01-07T20:57:00.049Z] Platform:      darwin
[debug] [2025-01-07T20:57:00.049Z] Node Version:  v18.19.0
[debug] [2025-01-07T20:57:00.049Z] Time:          Tue Jan 07 2025 17:57:00 GMT-0300 (Horário Padrão de Brasília)
[debug] [2025-01-07T20:57:00.050Z] ----------------------------------------------------------------------
[debug] 
[debug] [2025-01-07T20:57:00.052Z] > command requires scopes: ["email","openid","https://www.googleapis.com/auth/cloudplatformprojects.readonly","https://www.googleapis.com/auth/firebase","https://www.googleapis.com/auth/cloud-platform"]
[debug] [2025-01-07T20:57:00.053Z] > authorizing via signed-in user (rodrigobbuquera@gmail.com)
[info] 
     ######## #### ########  ######## ########     ###     ######  ########
     ##        ##  ##     ## ##       ##     ##  ##   ##  ##       ##
     ######    ##  ########  ######   ########  #########  ######  ######
     ##        ##  ##    ##  ##       ##     ## ##     ##       ## ##
     ##       #### ##     ## ######## ########  ##     ##  ######  ########

You're about to initialize a Firebase project in this directory:

  /Users/rodrigobrezolin/Documents/rotina_treino

[info] 
=== Project Setup
[info] 
[info] First, let's associate this project directory with a Firebase project.
[info] You can create multiple project aliases by running firebase use --add, 
[info] but for now we'll just set up a default project.
[info] 
[debug] [2025-01-07T20:57:14.332Z] Checked if tokens are valid: false, expires at: 1714660883305
[debug] [2025-01-07T20:57:14.332Z] Checked if tokens are valid: false, expires at: 1714660883305
[debug] [2025-01-07T20:57:14.333Z] > refreshing access token with scopes: []
[debug] [2025-01-07T20:57:14.335Z] >>> [apiv2][query] POST https://www.googleapis.com/oauth2/v3/token [none]
[debug] [2025-01-07T20:57:14.336Z] >>> [apiv2][body] POST https://www.googleapis.com/oauth2/v3/token [omitted]
[debug] [2025-01-07T20:57:14.669Z] <<< [apiv2][status] POST https://www.googleapis.com/oauth2/v3/token 400
[debug] [2025-01-07T20:57:14.669Z] <<< [apiv2][body] POST https://www.googleapis.com/oauth2/v3/token [omitted]
[debug] [2025-01-07T20:57:14.670Z] >>> [apiv2][query] GET https://firebase.googleapis.com/v1beta1/projects pageSize=100
[debug] [2025-01-07T20:57:14.934Z] <<< [apiv2][status] GET https://firebase.googleapis.com/v1beta1/projects 401
[debug] [2025-01-07T20:57:14.934Z] <<< [apiv2][body] GET https://firebase.googleapis.com/v1beta1/projects [omitted]
[debug] [2025-01-07T20:57:14.934Z] Got a 401 Unauthenticated error for a call that required authentication. Refreshing tokens.
[debug] [2025-01-07T20:57:14.934Z] Checked if tokens are valid: false, expires at: 1714660883305
[debug] [2025-01-07T20:57:14.934Z] Checked if tokens are valid: false, expires at: 1714660883305
[debug] [2025-01-07T20:57:14.934Z] > refreshing access token with scopes: []
[debug] [2025-01-07T20:57:14.935Z] >>> [apiv2][query] POST https://www.googleapis.com/oauth2/v3/token [none]
[debug] [2025-01-07T20:57:14.936Z] >>> [apiv2][body] POST https://www.googleapis.com/oauth2/v3/token [omitted]
[debug] [2025-01-07T20:57:15.179Z] <<< [apiv2][status] POST https://www.googleapis.com/oauth2/v3/token 400
[debug] [2025-01-07T20:57:15.180Z] <<< [apiv2][body] POST https://www.googleapis.com/oauth2/v3/token [omitted]
[debug] [2025-01-07T20:57:15.181Z] Request to https://firebase.googleapis.com/v1beta1/projects?pageSize=100 had HTTP Error: 401, Request had invalid authentication credentials. Expected OAuth 2 access token, login cookie or other valid authentication credential. See https://developers.google.com/identity/sign-in/web/devconsole-project.
[debug] [2025-01-07T20:57:15.398Z] FirebaseError: Request to https://firebase.googleapis.com/v1beta1/projects?pageSize=100 had HTTP Error: 401, Request had invalid authentication credentials. Expected OAuth 2 access token, login cookie or other valid authentication credential. See https://developers.google.com/identity/sign-in/web/devconsole-project.
    at responseToError (/Users/rodrigobrezolin/.nvm/versions/node/v18.19.0/lib/node_modules/firebase-tools/lib/responseToError.js:52:12)
    at RetryOperation._fn (/Users/rodrigobrezolin/.nvm/versions/node/v18.19.0/lib/node_modules/firebase-tools/lib/apiv2.js:312:77)
    at process.processTicksAndRejections (node:internal/process/task_queues:95:5)
[error] 
[error] Error: Failed to list Firebase projects. See firebase-debug.log for more info.
[debug] [2025-01-07T20:57:21.419Z] ----------------------------------------------------------------------
[debug] [2025-01-07T20:57:21.420Z] Command:       /Users/rodrigobrezolin/.nvm/versions/node/v18.19.0/bin/node /Users/rodrigobrezolin/.nvm/versions/node/v18.19.0/bin/firebase init
[debug] [2025-01-07T20:57:21.420Z] CLI Version:   13.27.0
[debug] [2025-01-07T20:57:21.420Z] Platform:      darwin
[debug] [2025-01-07T20:57:21.420Z] Node Version:  v18.19.0
[debug] [2025-01-07T20:57:21.421Z] Time:          Tue Jan 07 2025 17:57:21 GMT-0300 (Horário Padrão de Brasília)
[debug] [2025-01-07T20:57:21.421Z] ----------------------------------------------------------------------
[debug] 
[debug] [2025-01-07T20:57:21.424Z] > command requires scopes: ["email","openid","https://www.googleapis.com/auth/cloudplatformprojects.readonly","https://www.googleapis.com/auth/firebase","https://www.googleapis.com/auth/cloud-platform"]
[debug] [2025-01-07T20:57:21.424Z] > authorizing via signed-in user (rodrigobbuquera@gmail.com)
[info] 
     ######## #### ########  ######## ########     ###     ######  ########
     ##        ##  ##     ## ##       ##     ##  ##   ##  ##       ##
     ######    ##  ########  ######   ########  #########  ######  ######
     ##        ##  ##    ##  ##       ##     ## ##     ##       ## ##
     ##       #### ##     ## ######## ########  ##     ##  ######  ########

You're about to initialize a Firebase project in this directory:

  /Users/rodrigobrezolin/Documents/rotina_treino

[info] 
=== Project Setup
[info] 
[info] First, let's associate this project directory with a Firebase project.
[info] You can create multiple project aliases by running firebase use --add, 
[info] but for now we'll just set up a default project.
[info] 
[info] i  If you want to create a project in a Google Cloud organization or folder, please use "firebase projects:create" instead, and return to this command when you've created the project. 
